๏ปฟ
> nexttemp@0.1.0 build
> next build

ฮ“รปโ–“ Next.js 16.1.6 (Turbopack)
- Environments: .env.local

  Creating an optimized production build ...
ฮ“ยฃรด Compiled successfully in 9.2s
  Running TypeScript ...
  Collecting page data using 7 workers ...
  Generating static pages using 7 workers (0/25) ...
  Generating static pages using 7 workers (6/25) 
  Generating static pages using 7 workers (12/25) 
  Generating static pages using 7 workers (18/25) 
ฮ“ยฃรด Generating static pages using 7 workers (25/25) in 1342.2ms
  Finalizing page optimization ...

Route (app)
ฮ“รถรฎ ฮ“รนรฏ /
ฮ“รถยฃ ฮ“รนรฏ /_not-found
ฮ“รถยฃ ฮ“รนรฏ /about
ฮ“รถยฃ ฮ“รนรฏ /auth
ฮ“รถยฃ ฮ“รนรฏ /community
ฮ“รถยฃ ฮ“รนรฏ /competitions
ฮ“รถยฃ ฮ“รนรฏ /contact
ฮ“รถยฃ ฮ“รนรฏ /directory
ฮ“รถยฃ ฮ“รนรฏ /faq
ฮ“รถยฃ ฮ“รนรฏ /jobs
ฮ“รถยฃ ฮ“รนรฏ /marketplace
ฮ“รถยฃ ฮ“รนรฏ /marketplace/register
ฮ“รถยฃ ฮ“รนรฏ /marketplace/seller
ฮ“รถยฃ ฮ“รนรฏ /news
ฮ“รถยฃ ฮ“รนรฏ /notices
ฮ“รถยฃ ฮ“รนรฏ /notifications
ฮ“รถยฃ ฮ“รนรฏ /profile
ฮ“รถยฃ ฮ“รนรฏ /profile/rides
ฮ“รถยฃ ฮ“รนรฏ /search
ฮ“รถยฃ ฮ“รนรฏ /settings
ฮ“รถยฃ ฮ“รนรฏ /taxi
ฮ“รถยฃ ฮ“รนรฏ /taxi/driver
ฮ“รถรถ ฮ“รนรฏ /taxi/register


ฮ“รนรฏ  (Static)  prerendered as static content

